  tmidi.cpp
C:\Users\Administrator\Downloads\AAA\tmidi.cpp(172,33): warning C4267: '=': conversion from 'size_t' to 'DWORD', possible loss of data
C:\Users\Administrator\Downloads\AAA\tmidi.cpp(353,53): warning C4244: 'argument': conversion from 'WPARAM' to 'int', possible loss of data
C:\Users\Administrator\Downloads\AAA\tmidi.cpp(484,22): warning C4244: '=': conversion from 'LRESULT' to 'int', possible loss of data
C:\Users\Administrator\Downloads\AAA\tmidi.cpp(524,26): warning C4267: '=': conversion from 'size_t' to 'UINT', possible loss of data
C:\Users\Administrator\Downloads\AAA\tmidi.cpp(545,32): warning C4267: '=': conversion from 'size_t' to 'UINT', possible loss of data
C:\Users\Administrator\Downloads\AAA\tmidi.cpp(655,22): warning C4244: '=': conversion from 'LRESULT' to 'int', possible loss of data
C:\Users\Administrator\Downloads\AAA\tmidi.cpp(657,22): warning C4244: '=': conversion from 'LRESULT' to 'int', possible loss of data
C:\Users\Administrator\Downloads\AAA\tmidi.cpp(860,35): warning C4244: '=': conversion from 'LRESULT' to 'int', possible loss of data
C:\Users\Administrator\Downloads\AAA\tmidi.cpp(865,5): warning C4311: 'type cast': pointer truncation from 'void (__cdecl *)(HMIDIIN,UINT,DWORD,DWORD,DWORD)' to 'DWORD'
C:\Users\Administrator\Downloads\AAA\tmidi.cpp(865,5): warning C4302: 'type cast': truncation from 'void (__cdecl *)(HMIDIIN,UINT,DWORD,DWORD,DWORD)' to 'DWORD'
C:\Users\Administrator\Downloads\AAA\tmidi.cpp(890,36): warning C4244: '=': conversion from 'LRESULT' to 'int', possible loss of data
C:\Users\Administrator\Downloads\AAA\tmidi.cpp(1172,44): warning C4267: '=': conversion from 'size_t' to 'unsigned int', possible loss of data
C:\Users\Administrator\Downloads\AAA\tmidi.cpp(1608,31): warning C4267: 'return': conversion from 'size_t' to 'int', possible loss of data
C:\Users\Administrator\Downloads\AAA\tmidi.cpp(2428,17): warning C4477: 'sprintf' : format string '%d' requires an argument of type 'int', but variadic argument 3 has type '__int64'
C:\Users\Administrator\Downloads\AAA\tmidi.cpp(2428,17): message : consider using '%lld' in the format string
C:\Users\Administrator\Downloads\AAA\tmidi.cpp(2428,17): message : consider using '%Id' in the format string
C:\Users\Administrator\Downloads\AAA\tmidi.cpp(2428,17): message : consider using '%I64d' in the format string
C:\Users\Administrator\Downloads\AAA\tmidi.cpp(2473,100): warning C4244: 'argument': conversion from '__int64' to 'int', possible loss of data
C:\Users\Administrator\Downloads\AAA\tmidi.cpp(2708,21): warning C4477: 'sprintf' : format string '%d' requires an argument of type 'int', but variadic argument 2 has type '__int64'
C:\Users\Administrator\Downloads\AAA\tmidi.cpp(2708,21): message : consider using '%lld' in the format string
C:\Users\Administrator\Downloads\AAA\tmidi.cpp(2708,21): message : consider using '%Id' in the format string
C:\Users\Administrator\Downloads\AAA\tmidi.cpp(2708,21): message : consider using '%I64d' in the format string
C:\Users\Administrator\Downloads\AAA\tmidi.cpp(2717,98): warning C4244: 'argument': conversion from '__int64' to 'int', possible loss of data
C:\Users\Administrator\Downloads\AAA\tmidi.cpp(2962,65): warning C4267: 'argument': conversion from 'size_t' to 'int', possible loss of data
C:\Users\Administrator\Downloads\AAA\tmidi.cpp(3274,20): warning C4244: '=': conversion from 'LRESULT' to 'int', possible loss of data
C:\Users\Administrator\Downloads\AAA\tmidi.cpp(3291,20): warning C4244: '=': conversion from 'LRESULT' to 'int', possible loss of data
C:\Users\Administrator\Downloads\AAA\tmidi.cpp(3295,9): warning C4311: 'type cast': pointer truncation from 'midi_text_t *' to 'int'
C:\Users\Administrator\Downloads\AAA\tmidi.cpp(3295,9): warning C4302: 'type cast': truncation from 'midi_text_t *' to 'int'
C:\Users\Administrator\Downloads\AAA\tmidi.cpp(3256,9): warning C4101: 'textlen': unreferenced local variable
C:\Users\Administrator\Downloads\AAA\tmidi.cpp(3257,8): warning C4101: 'txtbuf': unreferenced local variable
C:\Users\Administrator\Downloads\AAA\tmidi.cpp(3435,93): warning C4311: 'type cast': pointer truncation from 'int *' to 'long'
C:\Users\Administrator\Downloads\AAA\tmidi.cpp(3435,93): warning C4302: 'type cast': truncation from 'int *' to 'long'
C:\Users\Administrator\Downloads\AAA\tmidi.cpp(3435,22): warning C4244: '=': conversion from 'INT_PTR' to 'unsigned long', possible loss of data
C:\Users\Administrator\Downloads\AAA\tmidi.cpp(3461,71): warning C4267: 'argument': conversion from 'size_t' to 'DWORD', possible loss of data
C:\Users\Administrator\Downloads\AAA\tmidi.cpp(3467,73): warning C4267: 'argument': conversion from 'size_t' to 'DWORD', possible loss of data
C:\Users\Administrator\Downloads\AAA\tmidi.cpp(3473,71): warning C4267: 'argument': conversion from 'size_t' to 'DWORD', possible loss of data
C:\Users\Administrator\Downloads\AAA\tmidi.cpp(3479,73): warning C4267: 'argument': conversion from 'size_t' to 'DWORD', possible loss of data
C:\Users\Administrator\Downloads\AAA\tmidi.cpp(3488,71): warning C4267: 'argument': conversion from 'size_t' to 'DWORD', possible loss of data
C:\Users\Administrator\Downloads\AAA\tmidi.cpp(3495,74): warning C4267: 'argument': conversion from 'size_t' to 'DWORD', possible loss of data
C:\Users\Administrator\Downloads\AAA\tmidi.cpp(3501,71): warning C4267: 'argument': conversion from 'size_t' to 'DWORD', possible loss of data
C:\Users\Administrator\Downloads\AAA\tmidi.cpp(3587,20): warning C4244: '=': conversion from 'LRESULT' to 'int', possible loss of data
C:\Users\Administrator\Downloads\AAA\tmidi.cpp(4423,23): warning C4267: '=': conversion from 'size_t' to 'int', possible loss of data
C:\Users\Administrator\Downloads\AAA\tmidi.cpp(4666,27): warning C4267: '=': conversion from 'size_t' to 'int', possible loss of data
C:\Users\Administrator\Downloads\AAA\tmidi.cpp(4855,26): warning C4267: '=': conversion from 'size_t' to 'int', possible loss of data
C:\Users\Administrator\Downloads\AAA\tmidi.cpp(5163,25): warning C4267: '=': conversion from 'size_t' to 'int', possible loss of data
C:\Users\Administrator\Downloads\AAA\tmidi.cpp(5581,33): warning C4311: 'type cast': pointer truncation from 'HWND' to 'UINT'
C:\Users\Administrator\Downloads\AAA\tmidi.cpp(5581,33): warning C4302: 'type cast': truncation from 'HWND' to 'UINT'
C:\Users\Administrator\Downloads\AAA\tmidi.cpp(5802,8): warning C4101: 'fp': unreferenced local variable
C:\Users\Administrator\Downloads\AAA\tmidi.cpp(5981,22): warning C4244: '=': conversion from 'LRESULT' to 'int', possible loss of data
  TMIDI.vcxproj -> C:\Users\Administrator\Downloads\AAA\x64\Release\TMIDI.exe
